<?xml version="1.0" encoding="UTF-8"?>
<!-- Generated by org.testng.reporters.JUnitReportReporter -->
<testsuite hostname="P231WFA061142" failures="0" tests="1" name="com.framework.DynamicTest" time="19.620" errors="0" timestamp="2022-11-01T13:38:30 ICT" skipped="0">
  <testcase classname="com.framework.DynamicTest" name="DynamicTesting" time="19.620"/>
  <system-out/>
</testsuite> <!-- com.framework.DynamicTest -->
