<?xml version="1.0" encoding="UTF-8"?>
<!-- Generated by org.testng.reporters.JUnitReportReporter -->
<testsuite hostname="P231WFA061142" failures="0" tests="4" name="com.framework.DynamicTest" time="112.511" errors="0" timestamp="2022-10-06T18:21:01 ICT" skipped="0">
  <testcase classname="com.framework.DynamicTest" name="TestLogin" time="26.517"/>
  <system-out/>
  <testcase classname="com.framework.DynamicTest" name="TestLogin" time="23.413"/>
  <system-out/>
  <testcase classname="com.framework.DynamicTest" name="TestLogin" time="32.825"/>
  <system-out/>
  <testcase classname="com.framework.DynamicTest" name="TestLogin" time="29.756"/>
  <system-out/>
</testsuite> <!-- com.framework.DynamicTest -->
