<?xml version="1.0" encoding="UTF-8"?>
<!-- Generated by org.testng.reporters.JUnitReportReporter -->
<testsuite hostname="P231WFA061142" failures="0" tests="1" name="com.framework.factory.test" time="5.512" errors="1" timestamp="2022-10-06T14:35:56 ICT" skipped="0">
  <testcase classname="com.framework.factory.test" name="testest" time="5.512">
    <error type="java.lang.NullPointerException">
        <![CDATA[java.lang.NullPointerException
at com.framework.factory.DriverFactory.tearDown(WebDriverFactory.java:108)
at com.framework.listeners.DynamicListeners.onTestSuccess(DynamicListeners.java:35)
at org.testng.internal.TestListenerHelper.runTestListeners(TestListenerHelper.java:103)
at org.testng.internal.invokers.TestInvoker.runTestResultListener(TestInvoker.java:277)
at org.testng.internal.invokers.TestInvoker.invokeMethod(TestInvoker.java:757)
at org.testng.internal.invokers.TestInvoker.invokeTestMethod(TestInvoker.java:221)
at org.testng.internal.invokers.MethodRunner.runInSequence(MethodRunner.java:50)
at org.testng.internal.invokers.TestInvoker$MethodInvocationAgent.invoke(TestInvoker.java:962)
at org.testng.internal.invokers.TestInvoker.invokeTestMethods(TestInvoker.java:194)
at org.testng.internal.invokers.TestMethodWorker.invokeTestMethods(TestMethodWorker.java:148)
at org.testng.internal.invokers.TestMethodWorker.run(TestMethodWorker.java:128)
at java.base/java.util.ArrayList.forEach(ArrayList.java:1541)
at org.testng.TestRunner.privateRun(TestRunner.java:806)
at org.testng.TestRunner.run(TestRunner.java:601)
at org.testng.SuiteRunner.runTest(SuiteRunner.java:433)
at org.testng.SuiteRunner.runSequentially(SuiteRunner.java:427)
at org.testng.SuiteRunner.privateRun(SuiteRunner.java:387)
at org.testng.SuiteRunner.run(SuiteRunner.java:330)
at org.testng.SuiteRunnerWorker.runSuite(SuiteRunnerWorker.java:52)
at org.testng.SuiteRunnerWorker.run(SuiteRunnerWorker.java:95)
at org.testng.TestNG.runSuitesSequentially(TestNG.java:1256)
at org.testng.TestNG.runSuitesLocally(TestNG.java:1176)
at org.testng.TestNG.runSuites(TestNG.java:1099)
at org.testng.TestNG.run(TestNG.java:1067)
at com.framework.factory.DynamicXMLFactory.createTest(DynamicXMLFactory.java:67)
at com.framework.MainEngine.main(MainEngine.java:7)
]]>
    </error>
  </testcase> <!-- testest -->
  <system-out/>
</testsuite> <!-- com.framework.factory.test -->
